<?xml version="1.0" encoding="UTF-8"?>
<!-- Generated by org.testng.reporters.JUnitReportReporter -->
<testsuite hostname="FSP-NB-00023" failures="0" tests="3" name="tia.quiz.TestOrder" time="16.375" errors="0" timestamp="2023-02-05T23:22:52 WIB" skipped="0">
  <testcase classname="tia.quiz.TestOrder" name="AddToCart" time="7.344"/>
  <system-out/>
  <testcase classname="tia.quiz.TestOrder" name="ProceedToCheckout" time="3.332"/>
  <system-out/>
  <testcase classname="tia.quiz.TestOrder" name="PlaceOrder" time="5.699"/>
  <system-out/>
</testsuite> <!-- tia.quiz.TestOrder -->
