<?xml version="1.0" encoding="UTF-8"?>
<!-- Generated by org.testng.reporters.JUnitReportReporter -->
<testsuite hostname="FSP-NB-00023" failures="0" tests="1" name="tia.quiz.login.RunnerTest" time="9.988" errors="0" timestamp="2023-02-07T15:48:23 WIB" skipped="0">
  <testcase classname="tia.quiz.login.RunnerTest" name="runScenario" time="9.988"/>
  <system-out/>
</testsuite> <!-- tia.quiz.login.RunnerTest -->
