<?xml version="1.0" encoding="UTF-8"?>
<!-- Generated by org.testng.reporters.JUnitReportReporter -->
<testsuite hostname="FSP-NB-00023" failures="0" tests="1" name="tia.quiz.TestLogin" time="4.756" errors="0" timestamp="2023-02-05T21:50:15 WIB" skipped="0">
  <testcase classname="tia.quiz.TestLogin" name="testLoginWeb" time="4.756"/>
  <system-out/>
</testsuite> <!-- tia.quiz.TestLogin -->
